<?xml version="1.0" encoding="UTF-8"?>
<testsuite name="models.PingPongTest" tests="1" skipped="0" failures="0" errors="0" timestamp="2021-07-28T08:28:40" hostname="moringa-HP-EliteBook-840-G5" time="0.001">
  <properties/>
  <testcase name="runPingPong_countUpToOne_ArrayList" classname="models.PingPongTest" time="0.001"/>
  <system-out><![CDATA[]]></system-out>
  <system-err><![CDATA[]]></system-err>
</testsuite>
